<?xml version="1.0" encoding="UTF-8"?>
<!-- Generated by org.testng.reporters.JUnitReportReporter -->
<testsuite hostname="LAPTOP-90KPGUR1" failures="0" tests="1" name="com.TestLayer.LoginPageTest" time="5.927" errors="0" timestamp="2023-09-01T16:17:56 IST" skipped="0">
  <testcase classname="com.TestLayer.LoginPageTest" name="verifyLoginTest" time="5.927"/>
  <system-out/>
</testsuite> <!-- com.TestLayer.LoginPageTest -->
