<?xml version="1.0" encoding="UTF-8"?>
<!-- Generated by org.testng.reporters.JUnitReportReporter -->
<testsuite hostname="LAPTOP-90KPGUR1" failures="0" tests="1" name="com.TestLayer.CartPageTest" time="37.509" errors="0" timestamp="2023-08-25T16:37:30 IST" skipped="0">
  <testcase classname="com.TestLayer.CartPageTest" name="buyNow" time="37.509"/>
  <system-out/>
</testsuite> <!-- com.TestLayer.CartPageTest -->
