<?xml version="1.0" encoding="UTF-8"?>
<!-- Generated by org.testng.reporters.JUnitReportReporter -->
<testsuite hostname="LAPTOP-90KPGUR1" failures="0" tests="2" name="com.TestLayer.ProductPageTest" time="14.846" errors="0" timestamp="2023-09-01T16:17:56 IST" skipped="0">
  <testcase classname="com.TestLayer.ProductPageTest" name="addToCart" time="7.982"/>
  <system-out/>
  <testcase classname="com.TestLayer.ProductPageTest" name="goToCart" time="6.864"/>
  <system-out/>
</testsuite> <!-- com.TestLayer.ProductPageTest -->
