<?xml version="1.0" encoding="UTF-8"?>
<!-- Generated by org.testng.reporters.JUnitReportReporter -->
<testsuite hostname="LAPTOP-90KPGUR1" failures="0" tests="1" name="com.TestLayer.OrderPageTest" time="24.396" errors="0" timestamp="2023-08-25T17:11:32 IST" skipped="0">
  <testcase classname="com.TestLayer.OrderPageTest" name="placeOrder" time="24.396"/>
  <system-out/>
</testsuite> <!-- com.TestLayer.OrderPageTest -->
