<?xml version="1.0" encoding="UTF-8"?>
<!-- Generated by org.testng.reporters.JUnitReportReporter -->
<testsuite hostname="LAPTOP-90KPGUR1" failures="0" tests="1" name="com.TestLayer.ProductPageTest" time="19.978" errors="0" timestamp="2023-08-25T15:54:07 IST" skipped="0">
  <testcase classname="com.TestLayer.ProductPageTest" name="addToCart" time="19.978"/>
  <system-out/>
</testsuite> <!-- com.TestLayer.ProductPageTest -->
